2016-07-26 23:22 DEBUG [main]org.apache.ibatis.logging.LogFactory.setImplementation():135 -Logging initialized using 'class org.apache.ibatis.logging.slf4j.Slf4jImpl' adapter.
2016-07-26 23:22 DEBUG [main]io.netty.util.internal.logging.InternalLoggerFactory.debug():71 -Using SLF4J as the default logging framework
2016-07-26 23:22 DEBUG [main]io.netty.util.internal.PlatformDependent0.debug():76 -java.nio.Buffer.address: available
2016-07-26 23:22 DEBUG [main]io.netty.util.internal.PlatformDependent0.debug():76 -sun.misc.Unsafe.theUnsafe: available
2016-07-26 23:22 DEBUG [main]io.netty.util.internal.PlatformDependent0.debug():71 -sun.misc.Unsafe.copyMemory: available
2016-07-26 23:22 DEBUG [main]io.netty.util.internal.PlatformDependent0.debug():76 -java.nio.Bits.unaligned: true
2016-07-26 23:22 DEBUG [main]io.netty.util.internal.PlatformDependent.debug():76 -Java version: 8
2016-07-26 23:22 DEBUG [main]io.netty.util.internal.PlatformDependent.debug():76 --Dio.netty.noUnsafe: false
2016-07-26 23:22 DEBUG [main]io.netty.util.internal.PlatformDependent.debug():76 -sun.misc.Unsafe: available
2016-07-26 23:22 DEBUG [main]io.netty.util.internal.PlatformDependent.debug():76 --Dio.netty.noJavassist: false
2016-07-26 23:22 DEBUG [main]io.netty.util.internal.PlatformDependent.debug():71 -Javassist: unavailable
2016-07-26 23:22 DEBUG [main]io.netty.util.internal.PlatformDependent.debug():71 -You don't have Javassist in your class path or you don't have enough permission to load dynamically generated classes.  Please check the configuration for better performance.
2016-07-26 23:22 DEBUG [main]io.netty.util.internal.PlatformDependent.debug():76 --Dio.netty.tmpdir: /var/folders/3h/xs5gnfw97wv3xfx80b661pxh0000gn/T (java.io.tmpdir)
2016-07-26 23:22 DEBUG [main]io.netty.util.internal.PlatformDependent.debug():76 --Dio.netty.bitMode: 64 (sun.arch.data.model)
2016-07-26 23:22 DEBUG [main]io.netty.util.internal.PlatformDependent.debug():76 --Dio.netty.noPreferDirect: false
2016-07-26 23:22 INFO  [MLog-Init-Reporter]com.mchange.v2.log.MLog.log():212 -MLog clients using slf4j logging.
2016-07-26 23:22 DEBUG [MLog-Init-Reporter]com.mchange.v2.log.MLog.log():207 -Reading VM config for path list /com/mchange/v2/log/default-mchange-log.properties, /mchange-commons.properties, /c3p0.properties, hocon:/reference,/application,/c3p0,/, /mchange-log.properties, /
2016-07-26 23:22 DEBUG [MLog-Init-Reporter]com.mchange.v2.log.MLog.log():207 -The configuration file for resource identifier '/mchange-commons.properties' could not be found. Skipping.
2016-07-26 23:22 DEBUG [MLog-Init-Reporter]com.mchange.v2.log.MLog.log():207 -The configuration file for resource identifier '/c3p0.properties' could not be found. Skipping.
2016-07-26 23:22 DEBUG [MLog-Init-Reporter]com.mchange.v2.log.MLog.log():207 -The configuration file for resource identifier 'hocon:/reference,/application,/c3p0,/' could not be found. Skipping.
2016-07-26 23:22 DEBUG [MLog-Init-Reporter]com.mchange.v2.log.MLog.log():207 -The configuration file for resource identifier '/mchange-log.properties' could not be found. Skipping.
2016-07-26 23:22 DEBUG [main]com.mchange.v2.cfg.MConfig.log():207 -The configuration file for resource identifier '/mchange-commons.properties' could not be found. Skipping.
2016-07-26 23:22 DEBUG [main]com.mchange.v2.cfg.MConfig.log():207 -The configuration file for resource identifier '/mchange-log.properties' could not be found. Skipping.
2016-07-26 23:22 DEBUG [main]com.mchange.v2.cfg.MConfig.log():207 -The configuration file for resource identifier 'hocon:/reference,/application,/c3p0,/' could not be found. Skipping.
2016-07-26 23:22 DEBUG [main]com.mchange.v2.cfg.MConfig.log():207 -The configuration file for resource identifier '/c3p0.properties' could not be found. Skipping.
2016-07-26 23:22 INFO  [main]com.mchange.v2.c3p0.C3P0Registry.log():212 -Initializing c3p0-0.9.5.2 [built 08-December-2015 22:06:04 -0800; debug? true; trace: 10]
2016-07-26 23:22 DEBUG [main]c.m.v.c.management.DynamicPooledDataSourceManagerMBean.log():204 -MBean: com.mchange.v2.c3p0:type=PooledDataSource,identityToken=1hge13c9ib1jnei1evjycq|73ee04c8,name=1hge13c9ib1jnei1evjycq|73ee04c8 registered.
2016-07-26 23:22 DEBUG [main]c.m.v.c.management.DynamicPooledDataSourceManagerMBean.log():204 -MBean: com.mchange.v2.c3p0:type=PooledDataSource,identityToken=1hge13c9ib1jnei1evjycq|73ee04c8,name=1hge13c9ib1jnei1evjycq|73ee04c8 unregistered, in order to be reregistered after update.
2016-07-26 23:22 DEBUG [main]c.m.v.c.management.DynamicPooledDataSourceManagerMBean.log():204 -MBean: com.mchange.v2.c3p0:type=PooledDataSource,identityToken=1hge13c9ib1jnei1evjycq|73ee04c8,name=1hge13c9ib1jnei1evjycq|73ee04c8 registered.
